<?xml version="1.0" encoding="UTF-8"?>
<!-- Generated by org.testng.reporters.JUnitReportReporter -->
<testsuite hostname="LAPTOP-IQDA831J" failures="0" tests="15" name="Vodafone.Assignment.TestCases" time="34.750" errors="0" timestamp="2022-03-18T22:58:23 EET" skipped="0">
  <testcase classname="Vodafone.Assignment.TestCases" name="InvalidScenario" time="0.908"/>
  <system-out/>
  <testcase classname="Vodafone.Assignment.TestCases" name="InvalidEmail" time="0.781"/>
  <system-out/>
  <testcase classname="Vodafone.Assignment.TestCases" name="valid" time="0.117"/>
  <system-out/>
  <testcase classname="Vodafone.Assignment.TestCases" name="InvalidSignUp" time="3.065"/>
  <system-out/>
  <testcase classname="Vodafone.Assignment.TestCases" name="signup" time="3.623"/>
  <system-out/>
  <testcase classname="Vodafone.Assignment.TestCases" name="InvalidAuthenticateUser" time="5.643"/>
  <system-out/>
  <testcase classname="Vodafone.Assignment.TestCases" name="validAuthenticate" time="3.076"/>
  <system-out/>
  <testcase classname="Vodafone.Assignment.TestCases" name="category" time="4.017"/>
  <system-out/>
  <testcase classname="Vodafone.Assignment.TestCases" name="select" time="0.466"/>
  <system-out/>
  <testcase classname="Vodafone.Assignment.TestCases" name="check_out01" time="2.394"/>
  <system-out/>
  <testcase classname="Vodafone.Assignment.TestCases" name="check_out02" time="1.233"/>
  <system-out/>
  <testcase classname="Vodafone.Assignment.TestCases" name="check_out03" time="1.437"/>
  <system-out/>
  <testcase classname="Vodafone.Assignment.TestCases" name="terms" time="0.052"/>
  <system-out/>
  <testcase classname="Vodafone.Assignment.TestCases" name="ProcessOfCheckOut" time="5.307"/>
  <system-out/>
  <testcase classname="Vodafone.Assignment.TestCases" name="history" time="2.631"/>
  <system-out/>
</testsuite> <!-- Vodafone.Assignment.TestCases -->
